<?xml version="1.0" encoding="UTF-8" ?>
<testsuite errors="0" failures="2" hostname="LYUR" name="gradadvising.GradeControllerTests" tests="8" time="1.185" timestamp="2013-07-30T15:04:26">
  <properties />
  <testcase classname="gradadvising.GradeControllerTests" name="testIndex" time="0.396" />
  <testcase classname="gradadvising.GradeControllerTests" name="testList" time="0.068" />
  <testcase classname="gradadvising.GradeControllerTests" name="testCreate" time="0.064" />
  <testcase classname="gradadvising.GradeControllerTests" name="testSave" time="0.119">
    <failure message="Assertion failed: &#xa;&#xa;assert model.gradeInstance != null&#xa;       |     |             |&#xa;       [:]   null          false&#xa;" type="junit.framework.AssertionFailedError">junit.framework.AssertionFailedError: Assertion failed: 

assert model.gradeInstance != null
       |     |             |
       [:]   null          false

	at gradadvising.GradeControllerTests.testSave(GradeControllerTests.groovy:40)
</failure>
  </testcase>
  <testcase classname="gradadvising.GradeControllerTests" name="testShow" time="0.074" />
  <testcase classname="gradadvising.GradeControllerTests" name="testEdit" time="0.081" />
  <testcase classname="gradadvising.GradeControllerTests" name="testUpdate" time="0.112">
    <failure message="Assertion failed: &#xa;&#xa;assert view == &quot;/grade/edit&quot;&#xa;       |    |&#xa;       null false&#xa;" type="junit.framework.AssertionFailedError">junit.framework.AssertionFailedError: Assertion failed: 

assert view == &quot;/grade/edit&quot;
       |    |
       null false

	at gradadvising.GradeControllerTests.testUpdate(GradeControllerTests.groovy:108)
</failure>
  </testcase>
  <testcase classname="gradadvising.GradeControllerTests" name="testDelete" time="0.117" />
  <system-out><![CDATA[--Output from testIndex--
--Output from testList--
--Output from testCreate--
--Output from testSave--
--Output from testShow--
--Output from testEdit--
--Output from testUpdate--
--Output from testDelete--
]]></system-out>
  <system-err><![CDATA[--Output from testIndex--
--Output from testList--
--Output from testCreate--
--Output from testSave--
--Output from testShow--
--Output from testEdit--
--Output from testUpdate--
--Output from testDelete--
]]></system-err>
</testsuite>
