<?xml version="1.0" encoding="UTF-8" ?>
<testsuite errors="0" failures="1" hostname="LYUR" name="gradadvising.StudentTests" tests="1" time="0.249" timestamp="2013-08-01T14:43:31">
  <properties />
  <testcase classname="gradadvising.StudentTests" name="testSomething" time="0.13">
    <failure message="java.lang.AssertionError: Implement me" type="junit.framework.AssertionFailedError">junit.framework.AssertionFailedError: java.lang.AssertionError: Implement me
	at gradadvising.StudentTests.testSomething(StudentTests.groovy:24)
</failure>
  </testcase>
  <system-out><![CDATA[--Output from testSomething--
]]></system-out>
  <system-err><![CDATA[--Output from testSomething--
]]></system-err>
</testsuite>
