<?xml version="1.0" encoding="UTF-8" ?>
<testsuite errors="0" failures="2" hostname="LYUR" name="gradadvising.YearSemControllerTests" tests="8" time="0.976" timestamp="2013-07-30T15:04:32">
  <properties />
  <testcase classname="gradadvising.YearSemControllerTests" name="testIndex" time="0.292" />
  <testcase classname="gradadvising.YearSemControllerTests" name="testList" time="0.085" />
  <testcase classname="gradadvising.YearSemControllerTests" name="testCreate" time="0.068" />
  <testcase classname="gradadvising.YearSemControllerTests" name="testSave" time="0.078">
    <failure message="Assertion failed: &#xa;&#xa;assert model.yearSemInstance != null&#xa;       |     |               |&#xa;       [:]   null            false&#xa;" type="junit.framework.AssertionFailedError">junit.framework.AssertionFailedError: Assertion failed: 

assert model.yearSemInstance != null
       |     |               |
       [:]   null            false

	at gradadvising.YearSemControllerTests.testSave(YearSemControllerTests.groovy:40)
</failure>
  </testcase>
  <testcase classname="gradadvising.YearSemControllerTests" name="testShow" time="0.076" />
  <testcase classname="gradadvising.YearSemControllerTests" name="testEdit" time="0.058" />
  <testcase classname="gradadvising.YearSemControllerTests" name="testUpdate" time="0.091">
    <failure message="Assertion failed: &#xa;&#xa;assert view == &quot;/yearSem/edit&quot;&#xa;       |    |&#xa;       null false&#xa;" type="junit.framework.AssertionFailedError">junit.framework.AssertionFailedError: Assertion failed: 

assert view == &quot;/yearSem/edit&quot;
       |    |
       null false

	at gradadvising.YearSemControllerTests.testUpdate(YearSemControllerTests.groovy:108)
</failure>
  </testcase>
  <testcase classname="gradadvising.YearSemControllerTests" name="testDelete" time="0.072" />
  <system-out><![CDATA[--Output from testIndex--
--Output from testList--
--Output from testCreate--
--Output from testSave--
--Output from testShow--
--Output from testEdit--
--Output from testUpdate--
--Output from testDelete--
]]></system-out>
  <system-err><![CDATA[--Output from testIndex--
--Output from testList--
--Output from testCreate--
--Output from testSave--
--Output from testShow--
--Output from testEdit--
--Output from testUpdate--
--Output from testDelete--
]]></system-err>
</testsuite>
