Testsuite: gradadvising.StudentControllerTests
Tests run: 8, Failures: 5, Errors: 0, Time elapsed: 1.11 sec
------------- Standard Output ---------------
--Output from testIndex--
--Output from testList--
--Output from testCreate--
--Output from testSave--
--Output from testShow--
--Output from testEdit--
--Output from testUpdate--
--Output from testDelete--
------------- ---------------- ---------------
------------- Standard Error -----------------
--Output from testIndex--
--Output from testList--
--Output from testCreate--
--Output from testSave--
--Output from testShow--
--Output from testEdit--
--Output from testUpdate--
--Output from testDelete--
------------- ---------------- ---------------

Testcase: testIndex took 0.417 sec
Testcase: testList took 0.064 sec
Testcase: testCreate took 0.054 sec
Testcase: testSave took 0.075 sec
	FAILED
Assertion failed: 

assert response.redirectedUrl == '/student/show/1'
       |        |             |
       |        null          false
       org.codehaus.groovy.grails.plugins.testing.GrailsMockHttpServletResponse@19fc023

junit.framework.AssertionFailedError: Assertion failed: 

assert response.redirectedUrl == '/student/show/1'
       |        |             |
       |        null          false
       org.codehaus.groovy.grails.plugins.testing.GrailsMockHttpServletResponse@19fc023

	at gradadvising.StudentControllerTests.testSave(StudentControllerTests.groovy:48)

Testcase: testShow took 0.121 sec
	FAILED
Assertion failed: 

assert student.save() != null
       |       |      |
       |       null   false
       null null

junit.framework.AssertionFailedError: Assertion failed: 

assert student.save() != null
       |       |      |
       |       null   false
       null null

	at gradadvising.StudentControllerTests.testShow(StudentControllerTests.groovy:62)

Testcase: testEdit took 0.089 sec
	FAILED
Assertion failed: 

assert student.save() != null
       |       |      |
       |       null   false
       null null

junit.framework.AssertionFailedError: Assertion failed: 

assert student.save() != null
       |       |      |
       |       null   false
       null null

	at gradadvising.StudentControllerTests.testEdit(StudentControllerTests.groovy:80)

Testcase: testUpdate took 0.082 sec
	FAILED
Assertion failed: 

assert student.save() != null
       |       |      |
       |       null   false
       null null

junit.framework.AssertionFailedError: Assertion failed: 

assert student.save() != null
       |       |      |
       |       null   false
       null null

	at gradadvising.StudentControllerTests.testUpdate(StudentControllerTests.groovy:100)

Testcase: testDelete took 0.084 sec
	FAILED
Assertion failed: 

assert student.save() != null
       |       |      |
       |       null   false
       null null

junit.framework.AssertionFailedError: Assertion failed: 

assert student.save() != null
       |       |      |
       |       null   false
       null null

	at gradadvising.StudentControllerTests.testDelete(StudentControllerTests.groovy:144)

