Testsuite: gradadvising.YearSemControllerTests
Tests run: 8, Failures: 2, Errors: 0, Time elapsed: 0.976 sec
------------- Standard Output ---------------
--Output from testIndex--
--Output from testList--
--Output from testCreate--
--Output from testSave--
--Output from testShow--
--Output from testEdit--
--Output from testUpdate--
--Output from testDelete--
------------- ---------------- ---------------
------------- Standard Error -----------------
--Output from testIndex--
--Output from testList--
--Output from testCreate--
--Output from testSave--
--Output from testShow--
--Output from testEdit--
--Output from testUpdate--
--Output from testDelete--
------------- ---------------- ---------------

Testcase: testIndex took 0.292 sec
Testcase: testList took 0.085 sec
Testcase: testCreate took 0.069 sec
Testcase: testSave took 0.077 sec
	FAILED
Assertion failed: 

assert model.yearSemInstance != null
       |     |               |
       [:]   null            false

junit.framework.AssertionFailedError: Assertion failed: 

assert model.yearSemInstance != null
       |     |               |
       [:]   null            false

	at gradadvising.YearSemControllerTests.testSave(YearSemControllerTests.groovy:40)

Testcase: testShow took 0.076 sec
Testcase: testEdit took 0.058 sec
Testcase: testUpdate took 0.091 sec
	FAILED
Assertion failed: 

assert view == "/yearSem/edit"
       |    |
       null false

junit.framework.AssertionFailedError: Assertion failed: 

assert view == "/yearSem/edit"
       |    |
       null false

	at gradadvising.YearSemControllerTests.testUpdate(YearSemControllerTests.groovy:108)

Testcase: testDelete took 0.072 sec
