Testsuite: gradadvising.GradeControllerTests
Tests run: 8, Failures: 2, Errors: 0, Time elapsed: 1.185 sec
------------- Standard Output ---------------
--Output from testIndex--
--Output from testList--
--Output from testCreate--
--Output from testSave--
--Output from testShow--
--Output from testEdit--
--Output from testUpdate--
--Output from testDelete--
------------- ---------------- ---------------
------------- Standard Error -----------------
--Output from testIndex--
--Output from testList--
--Output from testCreate--
--Output from testSave--
--Output from testShow--
--Output from testEdit--
--Output from testUpdate--
--Output from testDelete--
------------- ---------------- ---------------

Testcase: testIndex took 0.396 sec
Testcase: testList took 0.068 sec
Testcase: testCreate took 0.064 sec
Testcase: testSave took 0.119 sec
	FAILED
Assertion failed: 

assert model.gradeInstance != null
       |     |             |
       [:]   null          false

junit.framework.AssertionFailedError: Assertion failed: 

assert model.gradeInstance != null
       |     |             |
       [:]   null          false

	at gradadvising.GradeControllerTests.testSave(GradeControllerTests.groovy:40)

Testcase: testShow took 0.074 sec
Testcase: testEdit took 0.081 sec
Testcase: testUpdate took 0.111 sec
	FAILED
Assertion failed: 

assert view == "/grade/edit"
       |    |
       null false

junit.framework.AssertionFailedError: Assertion failed: 

assert view == "/grade/edit"
       |    |
       null false

	at gradadvising.GradeControllerTests.testUpdate(GradeControllerTests.groovy:108)

Testcase: testDelete took 0.117 sec
