Testsuite: gradadvising.ProgramControllerTests
Tests run: 8, Failures: 5, Errors: 0, Time elapsed: 1.277 sec
------------- Standard Output ---------------
--Output from testIndex--
--Output from testList--
--Output from testCreate--
--Output from testSave--
--Output from testShow--
--Output from testEdit--
--Output from testUpdate--
--Output from testDelete--
------------- ---------------- ---------------
------------- Standard Error -----------------
--Output from testIndex--
--Output from testList--
--Output from testCreate--
--Output from testSave--
--Output from testShow--
--Output from testEdit--
--Output from testUpdate--
--Output from testDelete--
------------- ---------------- ---------------

Testcase: testIndex took 0.484 sec
Testcase: testList took 0.057 sec
Testcase: testCreate took 0.077 sec
Testcase: testSave took 0.116 sec
	FAILED
Assertion failed: 

assert response.redirectedUrl == '/program/show/1'
       |        |             |
       |        null          false
       org.codehaus.groovy.grails.plugins.testing.GrailsMockHttpServletResponse@fe55e8

junit.framework.AssertionFailedError: Assertion failed: 

assert response.redirectedUrl == '/program/show/1'
       |        |             |
       |        null          false
       org.codehaus.groovy.grails.plugins.testing.GrailsMockHttpServletResponse@fe55e8

	at gradadvising.ProgramControllerTests.testSave(ProgramControllerTests.groovy:48)

Testcase: testShow took 0.113 sec
	FAILED
Assertion failed: 

assert program.save() != null
       |       |      |
       null    null   false

junit.framework.AssertionFailedError: Assertion failed: 

assert program.save() != null
       |       |      |
       null    null   false

	at gradadvising.ProgramControllerTests.testShow(ProgramControllerTests.groovy:62)

Testcase: testEdit took 0.1 sec
	FAILED
Assertion failed: 

assert program.save() != null
       |       |      |
       null    null   false

junit.framework.AssertionFailedError: Assertion failed: 

assert program.save() != null
       |       |      |
       null    null   false

	at gradadvising.ProgramControllerTests.testEdit(ProgramControllerTests.groovy:80)

Testcase: testUpdate took 0.134 sec
	FAILED
Assertion failed: 

assert program.save() != null
       |       |      |
       null    null   false

junit.framework.AssertionFailedError: Assertion failed: 

assert program.save() != null
       |       |      |
       null    null   false

	at gradadvising.ProgramControllerTests.testUpdate(ProgramControllerTests.groovy:100)

Testcase: testDelete took 0.08 sec
	FAILED
Assertion failed: 

assert program.save() != null
       |       |      |
       null    null   false

junit.framework.AssertionFailedError: Assertion failed: 

assert program.save() != null
       |       |      |
       null    null   false

	at gradadvising.ProgramControllerTests.testDelete(ProgramControllerTests.groovy:144)

