Testsuite: gradadvising.StudentTests
Tests run: 1, Failures: 1, Errors: 0, Time elapsed: 0.249 sec
------------- Standard Output ---------------
--Output from testSomething--
------------- ---------------- ---------------
------------- Standard Error -----------------
--Output from testSomething--
------------- ---------------- ---------------

Testcase: testSomething took 0.13 sec
	FAILED
java.lang.AssertionError: Implement me
junit.framework.AssertionFailedError: java.lang.AssertionError: Implement me
	at gradadvising.StudentTests.testSomething(StudentTests.groovy:24)

